Performing C++ SOURCE FILE Test HAVE_CXX_FLAG_WSHORTEN_64_TO_32 failed with the following output:
Change Dir: /home/jingle/projects/clion/CppProjectTemplate/build-release/CMakeFiles/CMakeTmp

Run Build Command(s):/usr/bin/gmake -f Makefile cmTC_f9f2d/fast && /usr/bin/gmake  -f CMakeFiles/cmTC_f9f2d.dir/build.make CMakeFiles/cmTC_f9f2d.dir/build
gmake[1]: Entering directory '/home/jingle/projects/clion/CppProjectTemplate/build-release/CMakeFiles/CMakeTmp'
Building CXX object CMakeFiles/cmTC_f9f2d.dir/src.cxx.o
/usr/bin/c++ -DHAVE_CXX_FLAG_WSHORTEN_64_TO_32  -Wall  -Wextra  -Wshadow  -Wfloat-equal  -Wold-style-cast  -Wconversion  -Werror  -Wsuggest-override  -pedantic  -pedantic-errors  -Wshorten-64-to-32   -Wshorten-64-to-32 -std=c++17 -o CMakeFiles/cmTC_f9f2d.dir/src.cxx.o -c /home/jingle/projects/clion/CppProjectTemplate/build-release/CMakeFiles/CMakeTmp/src.cxx
c++: error: unrecognized command-line option '-Wshorten-64-to-32'
c++: error: unrecognized command-line option '-Wshorten-64-to-32'
gmake[1]: *** [CMakeFiles/cmTC_f9f2d.dir/build.make:78: CMakeFiles/cmTC_f9f2d.dir/src.cxx.o] Error 1
gmake[1]: Leaving directory '/home/jingle/projects/clion/CppProjectTemplate/build-release/CMakeFiles/CMakeTmp'
gmake: *** [Makefile:127: cmTC_f9f2d/fast] Error 2


Source file was:
int main() { return 0; }
Performing C++ SOURCE FILE Test HAVE_CXX_FLAG_WD654 failed with the following output:
Change Dir: /home/jingle/projects/clion/CppProjectTemplate/build-release/CMakeFiles/CMakeTmp

Run Build Command(s):/usr/bin/gmake -f Makefile cmTC_4a6b9/fast && /usr/bin/gmake  -f CMakeFiles/cmTC_4a6b9.dir/build.make CMakeFiles/cmTC_4a6b9.dir/build
gmake[1]: Entering directory '/home/jingle/projects/clion/CppProjectTemplate/build-release/CMakeFiles/CMakeTmp'
Building CXX object CMakeFiles/cmTC_4a6b9.dir/src.cxx.o
/usr/bin/c++ -DHAVE_CXX_FLAG_WD654  -Wall  -Wextra  -Wshadow  -Wfloat-equal  -Wold-style-cast  -Wconversion  -Werror  -Wsuggest-override  -pedantic  -pedantic-errors  -fstrict-aliasing  -Wno-deprecated-declarations  -Wno-deprecated  -fno-exceptions  -Wstrict-aliasing  -wd654   -wd654 -std=c++17 -o CMakeFiles/cmTC_4a6b9.dir/src.cxx.o -c /home/jingle/projects/clion/CppProjectTemplate/build-release/CMakeFiles/CMakeTmp/src.cxx
c++: error: unrecognized command-line option '-wd654'
c++: error: unrecognized command-line option '-wd654'
gmake[1]: *** [CMakeFiles/cmTC_4a6b9.dir/build.make:78: CMakeFiles/cmTC_4a6b9.dir/src.cxx.o] Error 1
gmake[1]: Leaving directory '/home/jingle/projects/clion/CppProjectTemplate/build-release/CMakeFiles/CMakeTmp'
gmake: *** [Makefile:127: cmTC_4a6b9/fast] Error 2


Source file was:
int main() { return 0; }
Performing C++ SOURCE FILE Test HAVE_CXX_FLAG_WTHREAD_SAFETY failed with the following output:
Change Dir: /home/jingle/projects/clion/CppProjectTemplate/build-release/CMakeFiles/CMakeTmp

Run Build Command(s):/usr/bin/gmake -f Makefile cmTC_a8bae/fast && /usr/bin/gmake  -f CMakeFiles/cmTC_a8bae.dir/build.make CMakeFiles/cmTC_a8bae.dir/build
gmake[1]: Entering directory '/home/jingle/projects/clion/CppProjectTemplate/build-release/CMakeFiles/CMakeTmp'
Building CXX object CMakeFiles/cmTC_a8bae.dir/src.cxx.o
/usr/bin/c++ -DHAVE_CXX_FLAG_WTHREAD_SAFETY  -Wall  -Wextra  -Wshadow  -Wfloat-equal  -Wold-style-cast  -Wconversion  -Werror  -Wsuggest-override  -pedantic  -pedantic-errors  -fstrict-aliasing  -Wno-deprecated-declarations  -Wno-deprecated  -fno-exceptions  -Wstrict-aliasing  -Wthread-safety   -Wthread-safety -std=c++17 -o CMakeFiles/cmTC_a8bae.dir/src.cxx.o -c /home/jingle/projects/clion/CppProjectTemplate/build-release/CMakeFiles/CMakeTmp/src.cxx
c++: error: unrecognized command-line option '-Wthread-safety'
c++: error: unrecognized command-line option '-Wthread-safety'
gmake[1]: *** [CMakeFiles/cmTC_a8bae.dir/build.make:78: CMakeFiles/cmTC_a8bae.dir/src.cxx.o] Error 1
gmake[1]: Leaving directory '/home/jingle/projects/clion/CppProjectTemplate/build-release/CMakeFiles/CMakeTmp'
gmake: *** [Makefile:127: cmTC_a8bae/fast] Error 2


Source file was:
int main() { return 0; }
